{"/home/angelsm/nexu-challange/src/core/Model/domain/model.repository.ts": {"path":"/home/angelsm/nexu-challange/src/core/Model/domain/model.repository.ts","statementMap":{"0":{"start":{"line":8,"column":0},"end":{"line":8,"column":22}}},"fnMap":{},"branchMap":{},"s":{"0":1},"f":{},"b":{}}
,"/home/angelsm/nexu-challange/src/core/Model/infrastructure/database/prisma.repository.ts": {"path":"/home/angelsm/nexu-challange/src/core/Model/infrastructure/database/prisma.repository.ts","statementMap":{"0":{"start":{"line":1,"column":0},"end":{"line":1,"column":83}},"1":{"start":{"line":3,"column":0},"end":{"line":3,"column":73}},"2":{"start":{"line":5,"column":0},"end":{"line":5,"column":null}},"3":{"start":{"line":15,"column":4},"end":{"line":15,"column":12}},"4":{"start":{"line":16,"column":4},"end":{"line":16,"column":39}},"5":{"start":{"line":20,"column":4},"end":{"line":41,"column":5}},"6":{"start":{"line":21,"column":21},"end":{"line":27,"column":8}},"7":{"start":{"line":29,"column":6},"end":{"line":31,"column":7}},"8":{"start":{"line":30,"column":8},"end":{"line":30,"column":null}},"9":{"start":{"line":33,"column":6},"end":{"line":37,"column":50}},"10":{"start":{"line":33,"column":36},"end":{"line":37,"column":8}},"11":{"start":{"line":39,"column":6},"end":{"line":39,"column":null}},"12":{"start":{"line":40,"column":6},"end":{"line":40,"column":42}},"13":{"start":{"line":47,"column":4},"end":{"line":80,"column":5}},"14":{"start":{"line":48,"column":20},"end":{"line":50,"column":8}},"15":{"start":{"line":52,"column":24},"end":{"line":58,"column":39}},"16":{"start":{"line":60,"column":6},"end":{"line":65,"column":7}},"17":{"start":{"line":61,"column":8},"end":{"line":63,"column":10}},"18":{"start":{"line":64,"column":8},"end":{"line":64,"column":35}},"19":{"start":{"line":67,"column":6},"end":{"line":73,"column":7}},"20":{"start":{"line":68,"column":8},"end":{"line":71,"column":10}},"21":{"start":{"line":72,"column":8},"end":{"line":72,"column":35}},"22":{"start":{"line":75,"column":21},"end":{"line":75,"column":64}},"23":{"start":{"line":77,"column":6},"end":{"line":77,"column":60}},"24":{"start":{"line":79,"column":6},"end":{"line":79,"column":42}},"25":{"start":{"line":86,"column":4},"end":{"line":110,"column":5}},"26":{"start":{"line":87,"column":20},"end":{"line":90,"column":8}},"27":{"start":{"line":92,"column":6},"end":{"line":94,"column":7}},"28":{"start":{"line":93,"column":8},"end":{"line":93,"column":41}},"29":{"start":{"line":96,"column":21},"end":{"line":105,"column":8}},"30":{"start":{"line":107,"column":6},"end":{"line":107,"column":60}},"31":{"start":{"line":109,"column":6},"end":{"line":109,"column":42}},"32":{"start":{"line":114,"column":4},"end":{"line":133,"column":5}},"33":{"start":{"line":115,"column":21},"end":{"line":120,"column":8}},"34":{"start":{"line":122,"column":6},"end":{"line":124,"column":7}},"35":{"start":{"line":123,"column":8},"end":{"line":123,"column":55}},"36":{"start":{"line":126,"column":6},"end":{"line":130,"column":9}},"37":{"start":{"line":132,"column":6},"end":{"line":132,"column":42}},"38":{"start":{"line":139,"column":4},"end":{"line":169,"column":5}},"39":{"start":{"line":140,"column":20},"end":{"line":143,"column":8}},"40":{"start":{"line":145,"column":6},"end":{"line":147,"column":7}},"41":{"start":{"line":146,"column":8},"end":{"line":146,"column":41}},"42":{"start":{"line":149,"column":24},"end":{"line":152,"column":8}},"43":{"start":{"line":154,"column":26},"end":{"line":154,"column":70}},"44":{"start":{"line":154,"column":48},"end":{"line":154,"column":69}},"45":{"start":{"line":156,"column":6},"end":{"line":158,"column":7}},"46":{"start":{"line":157,"column":8},"end":{"line":157,"column":55}},"47":{"start":{"line":160,"column":6},"end":{"line":166,"column":9}},"48":{"start":{"line":168,"column":6},"end":{"line":168,"column":42}},"49":{"start":{"line":173,"column":4},"end":{"line":182,"column":5}},"50":{"start":{"line":174,"column":6},"end":{"line":179,"column":9}},"51":{"start":{"line":181,"column":6},"end":{"line":181,"column":42}},"52":{"start":{"line":11,"column":0},"end":{"line":11,"column":13}}},"fnMap":{"0":{"name":"(anonymous_7)","decl":{"start":{"line":14,"column":2},"end":{"line":14,"column":null}},"loc":{"start":{"line":14,"column":2},"end":{"line":17,"column":3}}},"1":{"name":"(anonymous_8)","decl":{"start":{"line":19,"column":8},"end":{"line":19,"column":17}},"loc":{"start":{"line":19,"column":17},"end":{"line":42,"column":null}}},"2":{"name":"(anonymous_10)","decl":{"start":{"line":33,"column":24},"end":{"line":33,"column":25}},"loc":{"start":{"line":33,"column":36},"end":{"line":37,"column":8}}},"3":{"name":"(anonymous_11)","decl":{"start":{"line":44,"column":8},"end":{"line":44,"column":17}},"loc":{"start":{"line":45,"column":20},"end":{"line":81,"column":null}}},"4":{"name":"(anonymous_13)","decl":{"start":{"line":83,"column":8},"end":{"line":83,"column":24}},"loc":{"start":{"line":84,"column":19},"end":{"line":111,"column":null}}},"5":{"name":"(anonymous_15)","decl":{"start":{"line":113,"column":8},"end":{"line":113,"column":19}},"loc":{"start":{"line":113,"column":46},"end":{"line":134,"column":null}}},"6":{"name":"(anonymous_17)","decl":{"start":{"line":136,"column":8},"end":{"line":136,"column":19}},"loc":{"start":{"line":137,"column":77},"end":{"line":170,"column":null}}},"7":{"name":"(anonymous_19)","decl":{"start":{"line":154,"column":41},"end":{"line":154,"column":42}},"loc":{"start":{"line":154,"column":48},"end":{"line":154,"column":69}}},"8":{"name":"(anonymous_20)","decl":{"start":{"line":172,"column":8},"end":{"line":172,"column":19}},"loc":{"start":{"line":172,"column":62},"end":{"line":183,"column":null}}}},"branchMap":{"0":{"loc":{"start":{"line":29,"column":6},"end":{"line":31,"column":7}},"type":"if","locations":[{"start":{"line":29,"column":6},"end":{"line":31,"column":7}}]},"1":{"loc":{"start":{"line":60,"column":6},"end":{"line":65,"column":7}},"type":"if","locations":[{"start":{"line":60,"column":6},"end":{"line":65,"column":7}}]},"2":{"loc":{"start":{"line":67,"column":6},"end":{"line":73,"column":7}},"type":"if","locations":[{"start":{"line":67,"column":6},"end":{"line":73,"column":7}}]},"3":{"loc":{"start":{"line":92,"column":6},"end":{"line":94,"column":7}},"type":"if","locations":[{"start":{"line":92,"column":6},"end":{"line":94,"column":7}}]},"4":{"loc":{"start":{"line":122,"column":6},"end":{"line":124,"column":7}},"type":"if","locations":[{"start":{"line":122,"column":6},"end":{"line":124,"column":7}}]},"5":{"loc":{"start":{"line":145,"column":6},"end":{"line":147,"column":7}},"type":"if","locations":[{"start":{"line":145,"column":6},"end":{"line":147,"column":7}}]},"6":{"loc":{"start":{"line":156,"column":6},"end":{"line":158,"column":7}},"type":"if","locations":[{"start":{"line":156,"column":6},"end":{"line":158,"column":7}}]},"7":{"loc":{"start":{"line":163,"column":22},"end":{"line":163,"column":39}},"type":"cond-expr","locations":[{"start":{"line":163,"column":27},"end":{"line":163,"column":29}},{"start":{"line":163,"column":22},"end":{"line":163,"column":39}}]},"8":{"loc":{"start":{"line":163,"column":22},"end":{"line":163,"column":29}},"type":"binary-expr","locations":[{"start":{"line":163,"column":22},"end":{"line":163,"column":29}},{"start":{"line":163,"column":22},"end":{"line":163,"column":29}}]}},"s":{"0":1,"1":1,"2":1,"3":1,"4":1,"5":1,"6":1,"7":1,"8":0,"9":1,"10":677,"11":0,"12":0,"13":0,"14":0,"15":0,"16":0,"17":0,"18":0,"19":0,"20":0,"21":0,"22":0,"23":0,"24":0,"25":0,"26":0,"27":0,"28":0,"29":0,"30":0,"31":0,"32":0,"33":0,"34":0,"35":0,"36":0,"37":0,"38":0,"39":0,"40":0,"41":0,"42":0,"43":0,"44":0,"45":0,"46":0,"47":0,"48":0,"49":0,"50":0,"51":0,"52":1},"f":{"0":1,"1":1,"2":677,"3":0,"4":0,"5":0,"6":0,"7":0,"8":0},"b":{"0":[0],"1":[0],"2":[0],"3":[0],"4":[0],"5":[0],"6":[0],"7":[0,0],"8":[0,0]}}
,"/home/angelsm/nexu-challange/src/core/Model/infrastructure/database/repository-errors.ts": {"path":"/home/angelsm/nexu-challange/src/core/Model/infrastructure/database/repository-errors.ts","statementMap":{"0":{"start":{"line":3,"column":4},"end":{"line":3,"column":28}},"1":{"start":{"line":4,"column":4},"end":{"line":4,"column":42}},"2":{"start":{"line":1,"column":0},"end":{"line":1,"column":13}},"3":{"start":{"line":10,"column":4},"end":{"line":10,"column":35}},"4":{"start":{"line":11,"column":4},"end":{"line":11,"column":32}},"5":{"start":{"line":8,"column":0},"end":{"line":8,"column":13}},"6":{"start":{"line":17,"column":4},"end":{"line":17,"column":40}},"7":{"start":{"line":18,"column":4},"end":{"line":18,"column":38}},"8":{"start":{"line":15,"column":0},"end":{"line":15,"column":13}}},"fnMap":{"0":{"name":"(anonymous_0)","decl":{"start":{"line":2,"column":2},"end":{"line":2,"column":null}},"loc":{"start":{"line":2,"column":2},"end":{"line":5,"column":3}}},"1":{"name":"(anonymous_1)","decl":{"start":{"line":9,"column":2},"end":{"line":9,"column":14}},"loc":{"start":{"line":9,"column":30},"end":{"line":12,"column":3}}},"2":{"name":"(anonymous_2)","decl":{"start":{"line":16,"column":2},"end":{"line":16,"column":14}},"loc":{"start":{"line":16,"column":30},"end":{"line":19,"column":3}}}},"branchMap":{},"s":{"0":0,"1":0,"2":1,"3":0,"4":0,"5":1,"6":0,"7":0,"8":1},"f":{"0":0,"1":0,"2":0},"b":{}}
,"/home/angelsm/nexu-challange/src/infrastructure/database/prisma.factory.ts": {"path":"/home/angelsm/nexu-challange/src/infrastructure/database/prisma.factory.ts","statementMap":{"0":{"start":{"line":1,"column":0},"end":{"line":1,"column":46}},"1":{"start":{"line":7,"column":4},"end":{"line":9,"column":5}},"2":{"start":{"line":8,"column":6},"end":{"line":8,"column":41}},"3":{"start":{"line":10,"column":4},"end":{"line":10,"column":25}},"4":{"start":{"line":3,"column":0},"end":{"line":3,"column":13}}},"fnMap":{"0":{"name":"(anonymous_0)","decl":{"start":{"line":6,"column":2},"end":{"line":6,"column":8}},"loc":{"start":{"line":6,"column":19},"end":{"line":11,"column":3}}}},"branchMap":{"0":{"loc":{"start":{"line":7,"column":4},"end":{"line":9,"column":5}},"type":"if","locations":[{"start":{"line":7,"column":4},"end":{"line":9,"column":5}}]}},"s":{"0":1,"1":1,"2":1,"3":1,"4":1},"f":{"0":1},"b":{"0":[1]}}
}
