TN:
SF:src/core/Model/domain/model.repository.ts
FNF:0
FNH:0
DA:8,1
LF:1
LH:1
BRF:0
BRH:0
end_of_record
TN:
SF:src/core/Model/infrastructure/database/prisma.repository.ts
FN:14,(anonymous_7)
FN:19,(anonymous_8)
FN:33,(anonymous_10)
FN:44,(anonymous_11)
FN:83,(anonymous_13)
FN:113,(anonymous_15)
FN:136,(anonymous_17)
FN:154,(anonymous_19)
FN:172,(anonymous_20)
FNF:9
FNH:3
FNDA:1,(anonymous_7)
FNDA:1,(anonymous_8)
FNDA:677,(anonymous_10)
FNDA:0,(anonymous_11)
FNDA:0,(anonymous_13)
FNDA:0,(anonymous_15)
FNDA:0,(anonymous_17)
FNDA:0,(anonymous_19)
FNDA:0,(anonymous_20)
DA:1,1
DA:3,1
DA:5,1
DA:11,1
DA:15,1
DA:16,1
DA:20,1
DA:21,1
DA:29,1
DA:30,0
DA:33,677
DA:39,0
DA:40,0
DA:47,0
DA:48,0
DA:52,0
DA:60,0
DA:61,0
DA:64,0
DA:67,0
DA:68,0
DA:72,0
DA:75,0
DA:77,0
DA:79,0
DA:86,0
DA:87,0
DA:92,0
DA:93,0
DA:96,0
DA:107,0
DA:109,0
DA:114,0
DA:115,0
DA:122,0
DA:123,0
DA:126,0
DA:132,0
DA:139,0
DA:140,0
DA:145,0
DA:146,0
DA:149,0
DA:154,0
DA:156,0
DA:157,0
DA:160,0
DA:168,0
DA:173,0
DA:174,0
DA:181,0
LF:51
LH:10
BRDA:29,0,0,0
BRDA:60,1,0,0
BRDA:67,2,0,0
BRDA:92,3,0,0
BRDA:122,4,0,0
BRDA:145,5,0,0
BRDA:156,6,0,0
BRDA:163,7,0,0
BRDA:163,7,1,0
BRDA:163,8,0,0
BRDA:163,8,1,0
BRF:11
BRH:0
end_of_record
TN:
SF:src/core/Model/infrastructure/database/repository-errors.ts
FN:2,(anonymous_0)
FN:9,(anonymous_1)
FN:16,(anonymous_2)
FNF:3
FNH:0
FNDA:0,(anonymous_0)
FNDA:0,(anonymous_1)
FNDA:0,(anonymous_2)
DA:1,1
DA:3,0
DA:4,0
DA:8,1
DA:10,0
DA:11,0
DA:15,1
DA:17,0
DA:18,0
LF:9
LH:3
BRF:0
BRH:0
end_of_record
TN:
SF:src/infrastructure/database/prisma.factory.ts
FN:6,(anonymous_0)
FNF:1
FNH:1
FNDA:1,(anonymous_0)
DA:1,1
DA:3,1
DA:7,1
DA:8,1
DA:10,1
LF:5
LH:5
BRDA:7,0,0,1
BRF:1
BRH:1
end_of_record
